<?xml version="1.0" encoding="UTF-8"?>
<!-- Generated by org.testng.reporters.JUnitXMLReporter -->
<testsuite ignored="0" hostname="LAPTOP-85PGU8N1" failures="1" tests="1" name="Test" time="3.818" errors="0" timestamp="2026-01-06T13:56:46 IST">
  <testcase classname="TestCases.TC_003_LoginDataDrivenTest" name="verify_LoginDDT" time="0.0">
    <failure type="java.lang.RuntimeException" message="java.io.FileNotFoundException: .\TestData\Opencart_LoginData.xlsx (The system cannot find the file specified)">
      <![CDATA[java.lang.RuntimeException: java.io.FileNotFoundException: .\TestData\Opencart_LoginData.xlsx (The system cannot find the file specified)
at java.base/java.util.ArrayList.forEach(ArrayList.java:1596)
Caused by: java.io.FileNotFoundException: .\TestData\Opencart_LoginData.xlsx (The system cannot find the file specified)
at java.base/java.io.FileInputStream.open0(Native Method)
at java.base/java.io.FileInputStream.open(FileInputStream.java:213)
at java.base/java.io.FileInputStream.<init>(FileInputStream.java:152)
at java.base/java.io.FileInputStream.<init>(FileInputStream.java:106)
at Utilities.ExcelUtility.getRowCount(ExcelUtility.java:33)
at Utilities.DataProviders.getData(DataProviders.java:19)
... 25 more
... Removed 30 stack frames]]>
    </failure>
  </testcase> <!-- verify_LoginDDT -->
</testsuite> <!-- Test -->
