<?xml version="1.0" encoding="UTF-8"?>
<testng-results ignored="0" total="4" passed="4" failed="0" skipped="0">
  <reporter-output>
  </reporter-output>
  <suite started-at="2026-02-03T13:51:03 IST" name="Suite" finished-at="2026-02-03T13:51:35 IST" duration-ms="31485">
    <groups>
      <group name="Master">
        <method signature="TC_001_AccountResgistraionTestCase.verify_AccountRegistration()[pri:0, instance:TestCases.TC_001_AccountResgistraionTestCase@4d1c00d0]" name="verify_AccountRegistration" class="TestCases.TC_001_AccountResgistraionTestCase"/>
        <method signature="TC_002_LoginTest.verify_Login()[pri:0, instance:TestCases.TC_002_LoginTest@3d285d7e]" name="verify_Login" class="TestCases.TC_002_LoginTest"/>
        <method signature="TC_001_AccountResgistraionTestCase.verify_AccountRegistration()[pri:0, instance:TestCases.TC_001_AccountResgistraionTestCase@7530ad9c]" name="verify_AccountRegistration" class="TestCases.TC_001_AccountResgistraionTestCase"/>
        <method signature="TC_002_LoginTest.verify_Login()[pri:0, instance:TestCases.TC_002_LoginTest@58a9760d]" name="verify_Login" class="TestCases.TC_002_LoginTest"/>
      </group> <!-- Master -->
      <group name="Sanity">
        <method signature="TC_002_LoginTest.verify_Login()[pri:0, instance:TestCases.TC_002_LoginTest@3d285d7e]" name="verify_Login" class="TestCases.TC_002_LoginTest"/>
        <method signature="TC_002_LoginTest.verify_Login()[pri:0, instance:TestCases.TC_002_LoginTest@58a9760d]" name="verify_Login" class="TestCases.TC_002_LoginTest"/>
      </group> <!-- Sanity -->
      <group name="Regression">
        <method signature="TC_001_AccountResgistraionTestCase.verify_AccountRegistration()[pri:0, instance:TestCases.TC_001_AccountResgistraionTestCase@4d1c00d0]" name="verify_AccountRegistration" class="TestCases.TC_001_AccountResgistraionTestCase"/>
        <method signature="TC_001_AccountResgistraionTestCase.verify_AccountRegistration()[pri:0, instance:TestCases.TC_001_AccountResgistraionTestCase@7530ad9c]" name="verify_AccountRegistration" class="TestCases.TC_001_AccountResgistraionTestCase"/>
      </group> <!-- Regression -->
    </groups>
    <test started-at="2026-02-03T13:51:03 IST" name="linux-Chrome" finished-at="2026-02-03T13:51:15 IST" duration-ms="12068">
      <class name="TestCases.TC_001_AccountResgistraionTestCase">
        <test-method is-config="true" signature="setup(java.lang.String,java.lang.String)[pri:0, instance:TestCases.TC_001_AccountResgistraionTestCase@4d1c00d0]" started-at="2026-02-03T13:51:04 IST" name="setup" finished-at="2026-02-03T13:51:08 IST" duration-ms="4524" status="PASS">
          <params>
            <param index="0">
              <value>
                <![CDATA[Linux]]>
              </value>
            </param>
            <param index="1">
              <value>
                <![CDATA[chrome]]>
              </value>
            </param>
          </params>
          <reporter-output>
          </reporter-output>
        </test-method> <!-- setup -->
        <test-method signature="verify_AccountRegistration()[pri:0, instance:TestCases.TC_001_AccountResgistraionTestCase@4d1c00d0]" started-at="2026-02-03T13:51:08 IST" name="verify_AccountRegistration" finished-at="2026-02-03T13:51:11 IST" duration-ms="3255" status="PASS">
          <reporter-output>
          </reporter-output>
        </test-method> <!-- verify_AccountRegistration -->
        <test-method is-config="true" signature="teardown()[pri:0, instance:TestCases.TC_001_AccountResgistraionTestCase@4d1c00d0]" started-at="2026-02-03T13:51:11 IST" name="teardown" finished-at="2026-02-03T13:51:12 IST" duration-ms="179" status="PASS">
          <reporter-output>
          </reporter-output>
        </test-method> <!-- teardown -->
      </class> <!-- TestCases.TC_001_AccountResgistraionTestCase -->
      <class name="TestCases.TC_002_LoginTest">
        <test-method is-config="true" signature="setup(java.lang.String,java.lang.String)[pri:0, instance:TestCases.TC_002_LoginTest@3d285d7e]" started-at="2026-02-03T13:51:12 IST" name="setup" finished-at="2026-02-03T13:51:13 IST" duration-ms="1770" status="PASS">
          <params>
            <param index="0">
              <value>
                <![CDATA[Linux]]>
              </value>
            </param>
            <param index="1">
              <value>
                <![CDATA[chrome]]>
              </value>
            </param>
          </params>
          <reporter-output>
          </reporter-output>
        </test-method> <!-- setup -->
        <test-method signature="verify_Login()[pri:0, instance:TestCases.TC_002_LoginTest@3d285d7e]" started-at="2026-02-03T13:51:13 IST" name="verify_Login" finished-at="2026-02-03T13:51:15 IST" duration-ms="1824" status="PASS">
          <reporter-output>
          </reporter-output>
        </test-method> <!-- verify_Login -->
        <test-method is-config="true" signature="teardown()[pri:0, instance:TestCases.TC_002_LoginTest@3d285d7e]" started-at="2026-02-03T13:51:15 IST" name="teardown" finished-at="2026-02-03T13:51:15 IST" duration-ms="106" status="PASS">
          <reporter-output>
          </reporter-output>
        </test-method> <!-- teardown -->
      </class> <!-- TestCases.TC_002_LoginTest -->
    </test> <!-- linux-Chrome -->
    <test started-at="2026-02-03T13:51:17 IST" name="linux-firefox" finished-at="2026-02-03T13:51:35 IST" duration-ms="17765">
      <class name="TestCases.TC_001_AccountResgistraionTestCase">
        <test-method is-config="true" signature="setup(java.lang.String,java.lang.String)[pri:0, instance:TestCases.TC_001_AccountResgistraionTestCase@7530ad9c]" started-at="2026-02-03T13:51:17 IST" name="setup" finished-at="2026-02-03T13:51:24 IST" duration-ms="7128" status="PASS">
          <params>
            <param index="0">
              <value>
                <![CDATA[Linux]]>
              </value>
            </param>
            <param index="1">
              <value>
                <![CDATA[firefox]]>
              </value>
            </param>
          </params>
          <reporter-output>
          </reporter-output>
        </test-method> <!-- setup -->
        <test-method signature="verify_AccountRegistration()[pri:0, instance:TestCases.TC_001_AccountResgistraionTestCase@7530ad9c]" started-at="2026-02-03T13:51:24 IST" name="verify_AccountRegistration" finished-at="2026-02-03T13:51:27 IST" duration-ms="2439" status="PASS">
          <reporter-output>
          </reporter-output>
        </test-method> <!-- verify_AccountRegistration -->
        <test-method is-config="true" signature="teardown()[pri:0, instance:TestCases.TC_001_AccountResgistraionTestCase@7530ad9c]" started-at="2026-02-03T13:51:27 IST" name="teardown" finished-at="2026-02-03T13:51:28 IST" duration-ms="1185" status="PASS">
          <reporter-output>
          </reporter-output>
        </test-method> <!-- teardown -->
      </class> <!-- TestCases.TC_001_AccountResgistraionTestCase -->
      <class name="TestCases.TC_002_LoginTest">
        <test-method is-config="true" signature="setup(java.lang.String,java.lang.String)[pri:0, instance:TestCases.TC_002_LoginTest@58a9760d]" started-at="2026-02-03T13:51:28 IST" name="setup" finished-at="2026-02-03T13:51:32 IST" duration-ms="4180" status="PASS">
          <params>
            <param index="0">
              <value>
                <![CDATA[Linux]]>
              </value>
            </param>
            <param index="1">
              <value>
                <![CDATA[firefox]]>
              </value>
            </param>
          </params>
          <reporter-output>
          </reporter-output>
        </test-method> <!-- setup -->
        <test-method signature="verify_Login()[pri:0, instance:TestCases.TC_002_LoginTest@58a9760d]" started-at="2026-02-03T13:51:32 IST" name="verify_Login" finished-at="2026-02-03T13:51:34 IST" duration-ms="1816" status="PASS">
          <reporter-output>
          </reporter-output>
        </test-method> <!-- verify_Login -->
        <test-method is-config="true" signature="teardown()[pri:0, instance:TestCases.TC_002_LoginTest@58a9760d]" started-at="2026-02-03T13:51:34 IST" name="teardown" finished-at="2026-02-03T13:51:35 IST" duration-ms="1003" status="PASS">
          <reporter-output>
          </reporter-output>
        </test-method> <!-- teardown -->
      </class> <!-- TestCases.TC_002_LoginTest -->
    </test> <!-- linux-firefox -->
  </suite> <!-- Suite -->
</testng-results>
