<?xml version="1.0" encoding="UTF-8"?>
<!-- Generated by org.testng.reporters.JUnitReportReporter -->
<testsuite hostname="LAPTOP-85PGU8N1" failures="0" tests="2" name="TestCases.TC_001_AccountResgistraionTestCase" time="5.694" errors="0" timestamp="2026-02-03T13:51:36 IST" skipped="0">
  <testcase classname="TestCases.TC_001_AccountResgistraionTestCase" name="verify_AccountRegistration" time="3.255"/>
  <testcase classname="TestCases.TC_001_AccountResgistraionTestCase" name="verify_AccountRegistration" time="2.439"/>
</testsuite> <!-- TestCases.TC_001_AccountResgistraionTestCase -->
